<?xml version="1.0" encoding="UTF-8"?>
<!-- Generated by org.testng.reporters.JUnitReportReporter -->
<testsuite hostname="LAPTOP-6NIVDKIL" name="com.org.sample.myMavenTest.HelloTest" tests="1" failures="0" timestamp="25 Sep 2017 15:12:16 GMT" time="11.585" errors="0">
  <testcase name="login" time="11.585" classname="com.org.sample.myMavenTest.HelloTest"/>
</testsuite> <!-- com.org.sample.myMavenTest.HelloTest -->
